platforms/android/app/build/intermediates/manifest_merge_blame_file/release/manifest-merger-blame-release-report.txt
1<?xml version="1.0" encoding="utf-8"?>
2<manifest xmlns:android="http://schemas.android.com/apk/res/android"
3    package="com.bigtv.mobile"
4    android:hardwareAccelerated="true"
5    android:versionCode="39503"
6    android:versionName="3.9.5" >
7
8    <uses-sdk
9        android:minSdkVersion="22"
9-->src/main/AndroidManifest.xml
10        android:targetSdkVersion="30" />
10-->src/main/AndroidManifest.xml
11
12    <supports-screens
12-->src/main/AndroidManifest.xml:3:5-191
13        android:anyDensity="true"
13-->src/main/AndroidManifest.xml:3:23-48
14        android:largeScreens="true"
14-->src/main/AndroidManifest.xml:3:49-76
15        android:normalScreens="true"
15-->src/main/AndroidManifest.xml:3:77-105
16        android:resizeable="true"
16-->src/main/AndroidManifest.xml:3:106-131
17        android:smallScreens="true"
17-->src/main/AndroidManifest.xml:3:132-159
18        android:xlargeScreens="true" />
18-->src/main/AndroidManifest.xml:3:160-188
19
20    <uses-permission android:name="android.permission.INTERNET" />
20-->src/main/AndroidManifest.xml:4:5-67
20-->src/main/AndroidManifest.xml:4:22-64
21
22    <uses-feature
22-->src/main/AndroidManifest.xml:64:5-88
23        android:name="android.hardware.bluetooth"
23-->src/main/AndroidManifest.xml:64:19-60
24        android:required="false" />
24-->src/main/AndroidManifest.xml:64:61-85
25
26    <queries>
26-->src/main/AndroidManifest.xml:65:5-72:15
27        <intent>
27-->src/main/AndroidManifest.xml:66:9-68:18
28            <action android:name="android.media.action.IMAGE_CAPTURE" />
28-->src/main/AndroidManifest.xml:67:13-73
28-->src/main/AndroidManifest.xml:67:21-70
29        </intent>
30        <intent>
30-->src/main/AndroidManifest.xml:66:9-68:18
31            <action android:name="android.intent.action.GET_CONTENT" />
31-->src/main/AndroidManifest.xml:70:13-72
31-->src/main/AndroidManifest.xml:70:21-69
32        </intent>
33    </queries>
34
35    <uses-permission android:name="android.permission.READ_EXTERNAL_STORAGE" />
35-->src/main/AndroidManifest.xml:73:5-80
35-->src/main/AndroidManifest.xml:73:22-77
36    <uses-permission android:name="android.permission.REQUEST_INSTALL_PACKAGES" />
36-->src/main/AndroidManifest.xml:74:5-83
36-->src/main/AndroidManifest.xml:74:22-80
37    <uses-permission android:name="android.permission.WRITE_EXTERNAL_STORAGE" />
37-->src/main/AndroidManifest.xml:75:5-81
37-->src/main/AndroidManifest.xml:75:22-78
38    <uses-permission android:name="android.permission.ACCESS_COARSE_LOCATION" />
38-->src/main/AndroidManifest.xml:76:5-81
38-->src/main/AndroidManifest.xml:76:22-78
39    <uses-permission android:name="android.permission.ACCESS_FINE_LOCATION" />
39-->src/main/AndroidManifest.xml:77:5-79
39-->src/main/AndroidManifest.xml:77:22-76
40
41    <uses-feature
41-->src/main/AndroidManifest.xml:78:5-91
42        android:name="android.hardware.location.gps"
42-->src/main/AndroidManifest.xml:78:19-63
43        android:required="false" />
43-->src/main/AndroidManifest.xml:78:64-88
44
45    <uses-permission android:name="android.permission.RECEIVE_BOOT_COMPLETED" />
45-->src/main/AndroidManifest.xml:79:5-81
45-->src/main/AndroidManifest.xml:79:22-78
46    <uses-permission android:name="android.permission.WAKE_LOCK" />
46-->src/main/AndroidManifest.xml:80:5-68
46-->src/main/AndroidManifest.xml:80:22-65
47    <uses-permission android:name="android.permission.RECORD_AUDIO" />
47-->src/main/AndroidManifest.xml:81:5-71
47-->src/main/AndroidManifest.xml:81:22-68
48    <uses-permission android:name="android.permission.MODIFY_AUDIO_SETTINGS" />
48-->src/main/AndroidManifest.xml:82:5-80
48-->src/main/AndroidManifest.xml:82:22-77
49    <uses-permission android:name="android.permission.READ_PHONE_STATE" />
49-->src/main/AndroidManifest.xml:83:5-75
49-->src/main/AndroidManifest.xml:83:22-72
50    <uses-permission android:name="android.permission.RECORD_VIDEO" />
50-->src/main/AndroidManifest.xml:84:5-71
50-->src/main/AndroidManifest.xml:84:22-68
51    <uses-permission android:name="android.permission.ACCESS_NETWORK_STATE" />
51-->src/main/AndroidManifest.xml:85:5-79
51-->src/main/AndroidManifest.xml:85:22-76
52    <uses-permission
52-->src/main/AndroidManifest.xml:86:5-90
53        android:name="android.permission.CAMERA"
53-->src/main/AndroidManifest.xml:86:22-62
54        android:required="false" />
54-->src/main/AndroidManifest.xml:86:63-87
55
56    <uses-feature
56-->src/main/AndroidManifest.xml:87:5-85
57        android:name="android.hardware.camera"
57-->src/main/AndroidManifest.xml:87:19-57
58        android:required="false" />
58-->src/main/AndroidManifest.xml:87:58-82
59    <uses-feature
59-->src/main/AndroidManifest.xml:88:5-91
60        android:name="android.hardware.camera.front"
60-->src/main/AndroidManifest.xml:88:19-63
61        android:required="false" />
61-->src/main/AndroidManifest.xml:88:64-88
62
63    <uses-permission android:name="android.permission.BLUETOOTH" />
63-->src/main/AndroidManifest.xml:89:5-68
63-->src/main/AndroidManifest.xml:89:22-65
64    <uses-permission android:name="android.permission.VIBRATE" />
64-->src/main/AndroidManifest.xml:90:5-66
64-->src/main/AndroidManifest.xml:90:22-63
65    <!-- for android -->
66    <!-- <uses-permission android:name="com.android.launcher.permission.READ_SETTINGS"/> -->
67    <!-- <uses-permission android:name="com.android.launcher.permission.WRITE_SETTINGS"/> -->
68    <!-- <uses-permission android:name="com.android.launcher.permission.INSTALL_SHORTCUT" /> -->
69    <!-- <uses-permission android:name="com.android.launcher.permission.UNINSTALL_SHORTCUT" /> -->
70    <!-- for Samsung -->
71    <uses-permission android:name="com.sec.android.provider.badge.permission.READ" />
71-->[me.leolin:ShortcutBadger:1.1.22] AndroidManifest.xml:19:5-86
71-->[me.leolin:ShortcutBadger:1.1.22] AndroidManifest.xml:19:22-83
72    <uses-permission android:name="com.sec.android.provider.badge.permission.WRITE" /> <!-- for htc -->
72-->[me.leolin:ShortcutBadger:1.1.22] AndroidManifest.xml:20:5-87
72-->[me.leolin:ShortcutBadger:1.1.22] AndroidManifest.xml:20:22-84
73    <uses-permission android:name="com.htc.launcher.permission.READ_SETTINGS" />
73-->[me.leolin:ShortcutBadger:1.1.22] AndroidManifest.xml:23:5-81
73-->[me.leolin:ShortcutBadger:1.1.22] AndroidManifest.xml:23:22-78
74    <uses-permission android:name="com.htc.launcher.permission.UPDATE_SHORTCUT" /> <!-- for sony -->
74-->[me.leolin:ShortcutBadger:1.1.22] AndroidManifest.xml:24:5-83
74-->[me.leolin:ShortcutBadger:1.1.22] AndroidManifest.xml:24:22-80
75    <uses-permission android:name="com.sonyericsson.home.permission.BROADCAST_BADGE" />
75-->[me.leolin:ShortcutBadger:1.1.22] AndroidManifest.xml:27:5-88
75-->[me.leolin:ShortcutBadger:1.1.22] AndroidManifest.xml:27:22-85
76    <uses-permission android:name="com.sonymobile.home.permission.PROVIDER_INSERT_BADGE" /> <!-- for apex -->
76-->[me.leolin:ShortcutBadger:1.1.22] AndroidManifest.xml:28:5-92
76-->[me.leolin:ShortcutBadger:1.1.22] AndroidManifest.xml:28:22-89
77    <uses-permission android:name="com.anddoes.launcher.permission.UPDATE_COUNT" /> <!-- for solid -->
77-->[me.leolin:ShortcutBadger:1.1.22] AndroidManifest.xml:31:5-84
77-->[me.leolin:ShortcutBadger:1.1.22] AndroidManifest.xml:31:22-81
78    <uses-permission android:name="com.majeur.launcher.permission.UPDATE_BADGE" /> <!-- for huawei -->
78-->[me.leolin:ShortcutBadger:1.1.22] AndroidManifest.xml:34:5-83
78-->[me.leolin:ShortcutBadger:1.1.22] AndroidManifest.xml:34:22-80
79    <uses-permission android:name="com.huawei.android.launcher.permission.CHANGE_BADGE" />
79-->[me.leolin:ShortcutBadger:1.1.22] AndroidManifest.xml:37:5-91
79-->[me.leolin:ShortcutBadger:1.1.22] AndroidManifest.xml:37:22-88
80    <uses-permission android:name="com.huawei.android.launcher.permission.READ_SETTINGS" />
80-->[me.leolin:ShortcutBadger:1.1.22] AndroidManifest.xml:38:5-92
80-->[me.leolin:ShortcutBadger:1.1.22] AndroidManifest.xml:38:22-89
81    <uses-permission android:name="com.huawei.android.launcher.permission.WRITE_SETTINGS" /> <!-- for ZUK -->
81-->[me.leolin:ShortcutBadger:1.1.22] AndroidManifest.xml:39:5-93
81-->[me.leolin:ShortcutBadger:1.1.22] AndroidManifest.xml:39:22-90
82    <uses-permission android:name="android.permission.READ_APP_BADGE" /> <!-- for OPPO -->
82-->[me.leolin:ShortcutBadger:1.1.22] AndroidManifest.xml:42:5-73
82-->[me.leolin:ShortcutBadger:1.1.22] AndroidManifest.xml:42:22-70
83    <uses-permission android:name="com.oppo.launcher.permission.READ_SETTINGS" />
83-->[me.leolin:ShortcutBadger:1.1.22] AndroidManifest.xml:45:5-82
83-->[me.leolin:ShortcutBadger:1.1.22] AndroidManifest.xml:45:22-79
84    <uses-permission android:name="com.oppo.launcher.permission.WRITE_SETTINGS" /> <!-- for EvMe -->
84-->[me.leolin:ShortcutBadger:1.1.22] AndroidManifest.xml:46:5-83
84-->[me.leolin:ShortcutBadger:1.1.22] AndroidManifest.xml:46:22-80
85    <uses-permission android:name="me.everything.badger.permission.BADGE_COUNT_READ" />
85-->[me.leolin:ShortcutBadger:1.1.22] AndroidManifest.xml:49:5-88
85-->[me.leolin:ShortcutBadger:1.1.22] AndroidManifest.xml:49:22-85
86    <uses-permission android:name="me.everything.badger.permission.BADGE_COUNT_WRITE" /> <!-- TODO replace above two with next line after Android 4.2 -->
86-->[me.leolin:ShortcutBadger:1.1.22] AndroidManifest.xml:50:5-89
86-->[me.leolin:ShortcutBadger:1.1.22] AndroidManifest.xml:50:22-86
87    <!-- <uses-feature android:name="android.hardware.camera.any"/> -->
88    <uses-feature
88-->[com.journeyapps:zxing-android-embedded:3.3.0] AndroidManifest.xml:32:5-34:36
89        android:name="android.hardware.camera.autofocus"
89-->[com.journeyapps:zxing-android-embedded:3.3.0] AndroidManifest.xml:33:9-57
90        android:required="false" />
90-->[com.journeyapps:zxing-android-embedded:3.3.0] AndroidManifest.xml:34:9-33
91    <uses-feature
91-->[com.journeyapps:zxing-android-embedded:3.3.0] AndroidManifest.xml:35:5-37:36
92        android:name="android.hardware.camera.flash"
92-->[com.journeyapps:zxing-android-embedded:3.3.0] AndroidManifest.xml:36:9-53
93        android:required="false" />
93-->[com.journeyapps:zxing-android-embedded:3.3.0] AndroidManifest.xml:37:9-33
94    <uses-feature
94-->[com.journeyapps:zxing-android-embedded:3.3.0] AndroidManifest.xml:38:5-40:36
95        android:name="android.hardware.screen.landscape"
95-->[com.journeyapps:zxing-android-embedded:3.3.0] AndroidManifest.xml:39:9-57
96        android:required="false" />
96-->[com.journeyapps:zxing-android-embedded:3.3.0] AndroidManifest.xml:40:9-33
97    <uses-feature
97-->[com.journeyapps:zxing-android-embedded:3.3.0] AndroidManifest.xml:41:5-43:36
98        android:name="android.hardware.wifi"
98-->[com.journeyapps:zxing-android-embedded:3.3.0] AndroidManifest.xml:42:9-45
99        android:required="false" /> <!-- Required by older versions of Google Play services to create IID tokens -->
99-->[com.journeyapps:zxing-android-embedded:3.3.0] AndroidManifest.xml:43:9-33
100    <uses-permission android:name="com.google.android.c2dm.permission.RECEIVE" />
100-->[com.google.firebase:firebase-iid:16.0.0] AndroidManifest.xml:26:5-82
100-->[com.google.firebase:firebase-iid:16.0.0] AndroidManifest.xml:26:22-79
101
102    <permission
102-->[com.google.firebase:firebase-iid:16.0.0] AndroidManifest.xml:28:5-30:47
103        android:name="com.bigtv.mobile.permission.C2D_MESSAGE"
103-->[com.google.firebase:firebase-iid:16.0.0] AndroidManifest.xml:29:9-63
104        android:protectionLevel="signature" />
104-->[com.google.firebase:firebase-iid:16.0.0] AndroidManifest.xml:30:9-44
105
106    <uses-permission android:name="com.bigtv.mobile.permission.C2D_MESSAGE" />
106-->[com.google.firebase:firebase-iid:16.0.0] AndroidManifest.xml:32:5-79
106-->[com.google.firebase:firebase-iid:16.0.0] AndroidManifest.xml:32:22-76
107
108    <application
108-->src/main/AndroidManifest.xml:5:5-63:19
109        android:hardwareAccelerated="true"
109-->src/main/AndroidManifest.xml:5:18-52
110        android:icon="@mipmap/ic_launcher"
110-->src/main/AndroidManifest.xml:5:53-87
111        android:label="@string/app_name"
111-->src/main/AndroidManifest.xml:5:88-120
112        android:largeHeap="true"
112-->src/main/AndroidManifest.xml:5:121-145
113        android:supportsRtl="true"
113-->src/main/AndroidManifest.xml:5:146-172
114        android:usesCleartextTraffic="true" >
114-->src/main/AndroidManifest.xml:5:173-208
115        <activity
115-->src/main/AndroidManifest.xml:6:9-27:20
116            android:name="com.bigtv.mobile.MainActivity"
116-->src/main/AndroidManifest.xml:6:198-225
117            android:configChanges="orientation|keyboardHidden|keyboard|screenSize|locale|screenLayout|smallestScreenSize"
117-->src/main/AndroidManifest.xml:6:19-128
118            android:label="@string/activity_name"
118-->src/main/AndroidManifest.xml:6:129-166
119            android:launchMode="singleTop"
119-->src/main/AndroidManifest.xml:6:167-197
120            android:theme="@android:style/Theme.DeviceDefault.NoActionBar"
120-->src/main/AndroidManifest.xml:6:226-288
121            android:windowSoftInputMode="adjustResize" >
121-->src/main/AndroidManifest.xml:6:289-331
122            <intent-filter android:label="@string/launcher_name" >
122-->src/main/AndroidManifest.xml:7:13-10:29
122-->src/main/AndroidManifest.xml:7:28-65
123                <action android:name="android.intent.action.MAIN" />
123-->src/main/AndroidManifest.xml:8:17-69
123-->src/main/AndroidManifest.xml:8:25-66
124
125                <category android:name="android.intent.category.LAUNCHER" />
125-->src/main/AndroidManifest.xml:9:17-77
125-->src/main/AndroidManifest.xml:9:27-74
126            </intent-filter>
127            <intent-filter>
127-->src/main/AndroidManifest.xml:11:13-14:29
128                <action android:name="com.darryncampbell.cordova.plugin.intent.ACTION" />
128-->src/main/AndroidManifest.xml:12:17-90
128-->src/main/AndroidManifest.xml:12:25-87
129
130                <category android:name="android.intent.category.DEFAULT" />
130-->src/main/AndroidManifest.xml:13:17-76
130-->src/main/AndroidManifest.xml:13:27-73
131            </intent-filter>
132            <intent-filter>
132-->src/main/AndroidManifest.xml:15:13-20:29
133                <action android:name="android.intent.action.VIEW" />
133-->src/main/AndroidManifest.xml:16:17-69
133-->src/main/AndroidManifest.xml:16:25-66
134
135                <category android:name="android.intent.category.DEFAULT" />
135-->src/main/AndroidManifest.xml:13:17-76
135-->src/main/AndroidManifest.xml:13:27-73
136                <category android:name="android.intent.category.BROWSABLE" />
136-->src/main/AndroidManifest.xml:18:17-78
136-->src/main/AndroidManifest.xml:18:27-75
137
138                <data android:scheme="moodlemobile" />
138-->src/main/AndroidManifest.xml:19:17-55
138-->src/main/AndroidManifest.xml:19:23-52
139            </intent-filter>
140            <intent-filter>
140-->src/main/AndroidManifest.xml:21:13-26:29
141                <action android:name="android.intent.action.VIEW" />
141-->src/main/AndroidManifest.xml:16:17-69
141-->src/main/AndroidManifest.xml:16:25-66
142
143                <category android:name="android.intent.category.DEFAULT" />
143-->src/main/AndroidManifest.xml:13:17-76
143-->src/main/AndroidManifest.xml:13:27-73
144                <category android:name="android.intent.category.BROWSABLE" />
144-->src/main/AndroidManifest.xml:18:17-78
144-->src/main/AndroidManifest.xml:18:27-75
145
146                <data
146-->src/main/AndroidManifest.xml:19:17-55
147                    android:host=" "
147-->src/main/AndroidManifest.xml:25:23-39
148                    android:pathPrefix="/"
148-->src/main/AndroidManifest.xml:25:40-62
149                    android:scheme=" " />
149-->src/main/AndroidManifest.xml:19:23-52
150            </intent-filter>
151        </activity>
152
153        <provider
154            android:name="com.darryncampbell.cordova.plugin.intent.CordovaPluginIntentFileProvider"
154-->src/main/AndroidManifest.xml:28:168-255
155            android:authorities="com.bigtv.mobile.darryncampbell.cordova.plugin.intent.fileprovider"
155-->src/main/AndroidManifest.xml:28:19-107
156            android:exported="false"
156-->src/main/AndroidManifest.xml:28:108-132
157            android:grantUriPermissions="true" >
157-->src/main/AndroidManifest.xml:28:133-167
158            <meta-data
158-->src/main/AndroidManifest.xml:29:13-116
159                android:name="android.support.FILE_PROVIDER_PATHS"
159-->src/main/AndroidManifest.xml:29:24-74
160                android:resource="@xml/provider_paths" />
160-->src/main/AndroidManifest.xml:29:75-113
161        </provider>
162        <provider
163            android:name="de.appplant.cordova.plugin.notification.util.AssetProvider"
163-->src/main/AndroidManifest.xml:31:146-219
164            android:authorities="com.bigtv.mobile.localnotifications.provider"
164-->src/main/AndroidManifest.xml:31:19-85
165            android:exported="false"
165-->src/main/AndroidManifest.xml:31:86-110
166            android:grantUriPermissions="true" >
166-->src/main/AndroidManifest.xml:31:111-145
167            <meta-data
167-->src/main/AndroidManifest.xml:29:13-116
168                android:name="android.support.FILE_PROVIDER_PATHS"
168-->src/main/AndroidManifest.xml:29:24-74
169                android:resource="@xml/localnotification_provider_paths" />
169-->src/main/AndroidManifest.xml:29:75-113
170        </provider>
171
172        <receiver
172-->src/main/AndroidManifest.xml:34:9-122
173            android:name="de.appplant.cordova.plugin.localnotification.TriggerReceiver"
173-->src/main/AndroidManifest.xml:34:44-119
174            android:exported="false" />
174-->src/main/AndroidManifest.xml:34:19-43
175        <receiver
175-->src/main/AndroidManifest.xml:35:9-120
176            android:name="de.appplant.cordova.plugin.localnotification.ClearReceiver"
176-->src/main/AndroidManifest.xml:35:44-117
177            android:exported="false" />
177-->src/main/AndroidManifest.xml:35:19-43
178
179        <service
179-->src/main/AndroidManifest.xml:36:9-119
180            android:name="de.appplant.cordova.plugin.localnotification.ClickReceiver"
180-->src/main/AndroidManifest.xml:36:43-116
181            android:exported="false" />
181-->src/main/AndroidManifest.xml:36:18-42
182
183        <receiver
183-->src/main/AndroidManifest.xml:37:9-42:20
184            android:name="de.appplant.cordova.plugin.localnotification.RestoreReceiver"
184-->src/main/AndroidManifest.xml:37:75-150
185            android:directBootAware="true"
185-->src/main/AndroidManifest.xml:37:19-49
186            android:exported="false" >
186-->src/main/AndroidManifest.xml:37:50-74
187            <intent-filter>
187-->src/main/AndroidManifest.xml:38:13-41:29
188                <action android:name="android.intent.action.LOCKED_BOOT_COMPLETED" />
188-->src/main/AndroidManifest.xml:39:17-86
188-->src/main/AndroidManifest.xml:39:25-83
189                <action android:name="android.intent.action.BOOT_COMPLETED" />
189-->src/main/AndroidManifest.xml:40:17-79
189-->src/main/AndroidManifest.xml:40:25-76
190            </intent-filter>
191        </receiver>
192
193        <activity
194            android:name="com.adobe.phonegap.push.PushHandlerActivity"
194-->src/main/AndroidManifest.xml:43:43-101
195            android:exported="true"
195-->src/main/AndroidManifest.xml:43:19-42
196            android:permission="com.bigtv.mobile.permission.PushHandlerActivity" />
196-->src/main/AndroidManifest.xml:43:102-170
197
198        <receiver android:name="com.adobe.phonegap.push.BackgroundActionButtonHandler" />
198-->src/main/AndroidManifest.xml:44:9-90
198-->src/main/AndroidManifest.xml:44:19-87
199        <receiver android:name="com.adobe.phonegap.push.PushDismissedHandler" />
199-->src/main/AndroidManifest.xml:45:9-81
199-->src/main/AndroidManifest.xml:45:19-78
200
201        <service android:name="com.adobe.phonegap.push.FCMService" >
201-->src/main/AndroidManifest.xml:46:9-50:19
201-->src/main/AndroidManifest.xml:46:18-67
202            <intent-filter>
202-->src/main/AndroidManifest.xml:47:13-49:29
203                <action android:name="com.google.firebase.MESSAGING_EVENT" />
203-->src/main/AndroidManifest.xml:48:17-78
203-->src/main/AndroidManifest.xml:48:25-75
204            </intent-filter>
205        </service>
206        <service android:name="com.adobe.phonegap.push.PushInstanceIDListenerService" >
206-->src/main/AndroidManifest.xml:51:9-55:19
206-->src/main/AndroidManifest.xml:51:18-86
207            <intent-filter>
207-->src/main/AndroidManifest.xml:52:13-54:29
208                <action android:name="com.google.firebase.INSTANCE_ID_EVENT" />
208-->src/main/AndroidManifest.xml:53:17-80
208-->src/main/AndroidManifest.xml:53:25-77
209            </intent-filter>
210        </service>
211
212        <provider
213            android:name="org.apache.cordova.camera.FileProvider"
213-->src/main/AndroidManifest.xml:56:149-202
214            android:authorities="com.bigtv.mobile.cordova.plugin.camera.provider"
214-->src/main/AndroidManifest.xml:56:19-88
215            android:exported="false"
215-->src/main/AndroidManifest.xml:56:89-113
216            android:grantUriPermissions="true" >
216-->src/main/AndroidManifest.xml:56:114-148
217            <meta-data
217-->src/main/AndroidManifest.xml:29:13-116
218                android:name="android.support.FILE_PROVIDER_PATHS"
218-->src/main/AndroidManifest.xml:29:24-74
219                android:resource="@xml/camera_provider_paths" />
219-->src/main/AndroidManifest.xml:29:75-113
220        </provider>
221        <provider
222            android:name="io.github.pwlin.cordova.plugins.fileopener2.FileProvider"
222-->src/main/AndroidManifest.xml:59:139-210
223            android:authorities="com.bigtv.mobile.fileOpener2.provider"
223-->src/main/AndroidManifest.xml:59:19-78
224            android:exported="false"
224-->src/main/AndroidManifest.xml:59:79-103
225            android:grantUriPermissions="true" >
225-->src/main/AndroidManifest.xml:59:104-138
226            <meta-data
226-->src/main/AndroidManifest.xml:29:13-116
227                android:name="android.support.FILE_PROVIDER_PATHS"
227-->src/main/AndroidManifest.xml:29:24-74
228                android:resource="@xml/opener_paths" />
228-->src/main/AndroidManifest.xml:29:75-113
229        </provider>
230
231        <meta-data
231-->src/main/AndroidManifest.xml:62:9-100
232            android:name="firebase_analytics_collection_deactivated"
232-->src/main/AndroidManifest.xml:62:20-76
233            android:value="true" />
233-->src/main/AndroidManifest.xml:62:77-97
234
235        <activity
235-->[com.journeyapps:zxing-android-embedded:3.3.0] AndroidManifest.xml:46:9-52:63
236            android:name="com.journeyapps.barcodescanner.CaptureActivity"
236-->[com.journeyapps:zxing-android-embedded:3.3.0] AndroidManifest.xml:47:13-74
237            android:clearTaskOnLaunch="true"
237-->[com.journeyapps:zxing-android-embedded:3.3.0] AndroidManifest.xml:48:13-45
238            android:screenOrientation="sensorLandscape"
238-->[com.journeyapps:zxing-android-embedded:3.3.0] AndroidManifest.xml:49:13-56
239            android:stateNotNeeded="true"
239-->[com.journeyapps:zxing-android-embedded:3.3.0] AndroidManifest.xml:50:13-42
240            android:theme="@style/zxing_CaptureTheme"
240-->[com.journeyapps:zxing-android-embedded:3.3.0] AndroidManifest.xml:51:13-54
241            android:windowSoftInputMode="stateAlwaysHidden" />
241-->[com.journeyapps:zxing-android-embedded:3.3.0] AndroidManifest.xml:52:13-60
242        <!--
243             FirebaseMessagingService performs security checks at runtime,
244             no need for explicit permissions despite exported="true"
245        -->
246        <service
246-->[com.google.firebase:firebase-messaging:17.0.0] AndroidManifest.xml:28:9-34:19
247            android:name="com.google.firebase.messaging.FirebaseMessagingService"
247-->[com.google.firebase:firebase-messaging:17.0.0] AndroidManifest.xml:29:13-82
248            android:exported="true" >
248-->[com.google.firebase:firebase-messaging:17.0.0] AndroidManifest.xml:30:13-36
249            <intent-filter android:priority="-500" >
249-->src/main/AndroidManifest.xml:47:13-49:29
250                <action android:name="com.google.firebase.MESSAGING_EVENT" />
250-->src/main/AndroidManifest.xml:48:17-78
250-->src/main/AndroidManifest.xml:48:25-75
251            </intent-filter>
252        </service>
253        <service android:name="com.google.firebase.components.ComponentDiscoveryService" >
253-->[com.google.firebase:firebase-iid:16.0.0] AndroidManifest.xml:35:9-39:19
253-->[com.google.firebase:firebase-iid:16.0.0] AndroidManifest.xml:35:18-89
254            <meta-data
254-->[com.google.firebase:firebase-iid:16.0.0] AndroidManifest.xml:36:13-38:85
255                android:name="com.google.firebase.components:com.google.firebase.iid.Registrar"
255-->[com.google.firebase:firebase-iid:16.0.0] AndroidManifest.xml:37:17-96
256                android:value="com.google.firebase.components.ComponentRegistrar" />
256-->[com.google.firebase:firebase-iid:16.0.0] AndroidManifest.xml:38:17-82
257        </service>
258
259        <receiver
259-->[com.google.firebase:firebase-iid:16.0.0] AndroidManifest.xml:41:9-50:20
260            android:name="com.google.firebase.iid.FirebaseInstanceIdReceiver"
260-->[com.google.firebase:firebase-iid:16.0.0] AndroidManifest.xml:42:13-78
261            android:exported="true"
261-->[com.google.firebase:firebase-iid:16.0.0] AndroidManifest.xml:43:13-36
262            android:permission="com.google.android.c2dm.permission.SEND" >
262-->[com.google.firebase:firebase-iid:16.0.0] AndroidManifest.xml:44:13-73
263            <intent-filter>
263-->[com.google.firebase:firebase-iid:16.0.0] AndroidManifest.xml:45:13-49:29
264                <action android:name="com.google.android.c2dm.intent.RECEIVE" />
264-->[com.google.firebase:firebase-iid:16.0.0] AndroidManifest.xml:46:17-81
264-->[com.google.firebase:firebase-iid:16.0.0] AndroidManifest.xml:46:25-78
265
266                <category android:name="com.bigtv.mobile" />
266-->[com.google.firebase:firebase-iid:16.0.0] AndroidManifest.xml:48:17-61
266-->[com.google.firebase:firebase-iid:16.0.0] AndroidManifest.xml:48:27-58
267            </intent-filter>
268        </receiver>
269        <!--
270             FirebaseInstanceIdService performs security checks at runtime,
271             no need for explicit permissions despite exported="true"
272        -->
273        <service
273-->[com.google.firebase:firebase-iid:16.0.0] AndroidManifest.xml:56:9-62:19
274            android:name="com.google.firebase.iid.FirebaseInstanceIdService"
274-->[com.google.firebase:firebase-iid:16.0.0] AndroidManifest.xml:57:13-77
275            android:exported="true" >
275-->[com.google.firebase:firebase-iid:16.0.0] AndroidManifest.xml:58:13-36
276            <intent-filter android:priority="-500" >
276-->src/main/AndroidManifest.xml:52:13-54:29
277                <action android:name="com.google.firebase.INSTANCE_ID_EVENT" />
277-->src/main/AndroidManifest.xml:53:17-80
277-->src/main/AndroidManifest.xml:53:25-77
278            </intent-filter>
279        </service>
280
281        <provider
281-->[com.google.firebase:firebase-common:16.0.0] AndroidManifest.xml:9:9-13:39
282            android:name="com.google.firebase.provider.FirebaseInitProvider"
282-->[com.google.firebase:firebase-common:16.0.0] AndroidManifest.xml:10:13-77
283            android:authorities="com.bigtv.mobile.firebaseinitprovider"
283-->[com.google.firebase:firebase-common:16.0.0] AndroidManifest.xml:11:13-72
284            android:exported="false"
284-->[com.google.firebase:firebase-common:16.0.0] AndroidManifest.xml:12:13-37
285            android:initOrder="100" />
285-->[com.google.firebase:firebase-common:16.0.0] AndroidManifest.xml:13:13-36
286
287        <activity
287-->[com.google.android.gms:play-services-base:15.0.1] AndroidManifest.xml:23:9-26:75
288            android:name="com.google.android.gms.common.api.GoogleApiActivity"
288-->[com.google.android.gms:play-services-base:15.0.1] AndroidManifest.xml:24:13-79
289            android:exported="false"
289-->[com.google.android.gms:play-services-base:15.0.1] AndroidManifest.xml:25:13-37
290            android:theme="@android:style/Theme.Translucent.NoTitleBar" />
290-->[com.google.android.gms:play-services-base:15.0.1] AndroidManifest.xml:26:13-72
291
292        <meta-data
292-->[com.google.android.gms:play-services-basement:15.0.1] AndroidManifest.xml:23:9-25:69
293            android:name="com.google.android.gms.version"
293-->[com.google.android.gms:play-services-basement:15.0.1] AndroidManifest.xml:24:13-58
294            android:value="@integer/google_play_services_version" />
294-->[com.google.android.gms:play-services-basement:15.0.1] AndroidManifest.xml:25:13-66
295    </application>
296
297</manifest>